2026-06-01 19:47:41 - root - [INFO] - Logging configured successfully. Logs saved to: C:\Users\BAPAN GAIN\OneDrive\Desktop\Internshala python\trading_bot\logs\trading_bot.log
2026-06-01 19:47:41 - root - [INFO] - Starting Binance Futures Testnet CLI...
2026-06-01 19:47:50 - root - [INFO] - Logging configured successfully. Logs saved to: C:\Users\BAPAN GAIN\OneDrive\Desktop\Internshala python\trading_bot\logs\trading_bot.log
2026-06-01 19:47:50 - root - [INFO] - Starting Binance Futures Testnet CLI...
2026-06-01 19:47:50 - root - [INFO] - Validating input parameters...
2026-06-01 19:47:50 - root - [INFO] - Parameters validated successfully.
2026-06-01 19:47:50 - root - [ERROR] -  Configuration Error: BINANCE_API_KEY is not defined or is empty in .env. BINANCE_API_SECRET is not defined or is empty in .env.
2026-06-01 19:48:11 - root - [INFO] - Logging configured successfully. Logs saved to: C:\Users\BAPAN GAIN\OneDrive\Desktop\Internshala python\trading_bot\logs\trading_bot.log
2026-06-01 19:48:11 - root - [INFO] - Starting Binance Futures Testnet CLI...
2026-06-01 19:48:11 - root - [INFO] - Validating input parameters...
2026-06-01 19:48:11 - root - [ERROR] - Validation failed: Price is required for LIMIT orders.
2026-06-01 20:56:10 - root - [INFO] - Logging configured successfully. Logs saved to: C:\Users\BAPAN GAIN\OneDrive\Desktop\Internshala python\trading_bot\logs\trading_bot.log
2026-06-01 20:56:10 - root - [INFO] - Starting Binance Futures Testnet CLI...
2026-06-01 20:56:47 - root - [INFO] - Logging configured successfully. Logs saved to: C:\Users\BAPAN GAIN\OneDrive\Desktop\Internshala python\trading_bot\logs\trading_bot.log
2026-06-01 20:56:47 - root - [INFO] - Starting Binance Futures Testnet CLI...
2026-06-01 20:56:47 - root - [INFO] - Validating input parameters...
2026-06-01 20:56:47 - root - [INFO] - Parameters validated successfully.
2026-06-01 20:56:47 - root - [INFO] - Initializing python-binance client on Binance Futures Testnet...
2026-06-01 20:56:48 - root - [INFO] - --- Order Request Summary ---
2026-06-01 20:56:48 - root - [INFO] - Symbol:      BTCUSDT
2026-06-01 20:56:48 - root - [INFO] - Side:        BUY
2026-06-01 20:56:48 - root - [INFO] - Type:        MARKET
2026-06-01 20:56:48 - root - [INFO] - Quantity:    0.001
2026-06-01 20:56:48 - root - [INFO] - Parameters:  {'symbol': 'BTCUSDT', 'side': 'BUY', 'type': 'MARKET', 'quantity': 0.001}
2026-06-01 20:56:48 - root - [INFO] - -----------------------------
2026-06-01 20:56:48 - root - [INFO] - Executing order on Binance Futures Testnet...
2026-06-01 20:56:49 - root - [ERROR] - Binance API Exception [-2015]: Invalid API-key, IP, or permissions for action
2026-06-01 21:06:51 - root - [INFO] - Logging configured successfully. Logs saved to: C:\Users\BAPAN GAIN\OneDrive\Desktop\Internshala python\trading_bot\logs\trading_bot.log
2026-06-01 21:06:51 - root - [INFO] - Starting Binance Futures Testnet CLI...
2026-06-01 21:07:43 - root - [INFO] - Logging configured successfully. Logs saved to: C:\Users\BAPAN GAIN\OneDrive\Desktop\Internshala python\trading_bot\logs\trading_bot.log
2026-06-01 21:07:43 - root - [INFO] - Starting Binance Futures Testnet CLI...
2026-06-01 21:07:43 - root - [INFO] - Validating input parameters...
2026-06-01 21:07:43 - root - [INFO] - Parameters validated successfully.
2026-06-01 21:07:43 - root - [INFO] - Initializing python-binance client on Binance Futures Testnet...
2026-06-01 21:07:44 - root - [INFO] - --- Order Request Summary ---
2026-06-01 21:07:44 - root - [INFO] - Symbol:      BTCUSDT
2026-06-01 21:07:44 - root - [INFO] - Side:        BUY
2026-06-01 21:07:44 - root - [INFO] - Type:        MARKET
2026-06-01 21:07:44 - root - [INFO] - Quantity:    0.001
2026-06-01 21:07:44 - root - [INFO] - Parameters:  {'symbol': 'BTCUSDT', 'side': 'BUY', 'type': 'MARKET', 'quantity': 0.001}
2026-06-01 21:07:44 - root - [INFO] - -----------------------------
2026-06-01 21:07:44 - root - [INFO] - Executing order on Binance Futures Testnet...
2026-06-01 21:07:45 - root - [ERROR] - Binance API Exception [-2015]: Invalid API-key, IP, or permissions for action
2026-06-01 21:27:37 - root - [INFO] - Logging configured successfully. Logs saved to: C:\Users\BAPAN GAIN\OneDrive\Desktop\Internshala python\trading_bot\logs\trading_bot.log
2026-06-01 21:27:37 - root - [INFO] - Starting Binance Futures Testnet CLI...
2026-06-01 21:27:44 - root - [INFO] - Logging configured successfully. Logs saved to: C:\Users\BAPAN GAIN\OneDrive\Desktop\Internshala python\trading_bot\logs\trading_bot.log
2026-06-01 21:27:44 - root - [INFO] - Starting Binance Futures Testnet CLI...
2026-06-01 21:27:44 - root - [INFO] - Validating input parameters...
2026-06-01 21:27:44 - root - [INFO] - Parameters validated successfully.
2026-06-01 21:27:44 - root - [INFO] - Initializing python-binance client on Binance Futures Testnet...
2026-06-01 21:27:46 - root - [INFO] - --- Order Request Summary ---
2026-06-01 21:27:46 - root - [INFO] - Symbol:      BTCUSDT
2026-06-01 21:27:46 - root - [INFO] - Side:        BUY
2026-06-01 21:27:46 - root - [INFO] - Type:        MARKET
2026-06-01 21:27:46 - root - [INFO] - Quantity:    0.001
2026-06-01 21:27:46 - root - [INFO] - Parameters:  {'symbol': 'BTCUSDT', 'side': 'BUY', 'type': 'MARKET', 'quantity': 0.001}
2026-06-01 21:27:46 - root - [INFO] - -----------------------------
2026-06-01 21:27:46 - root - [INFO] - Executing order on Binance Futures Testnet...
2026-06-01 21:27:47 - root - [ERROR] - Binance API Exception [-2015]: Invalid API-key, IP, or permissions for action
2026-06-01 21:35:55 - root - [INFO] - Logging configured successfully. Logs saved to: C:\Users\BAPAN GAIN\OneDrive\Desktop\Internshala python\trading_bot\logs\trading_bot.log
2026-06-01 21:35:55 - root - [INFO] - Starting Binance Futures Testnet CLI...
2026-06-01 21:36:18 - root - [INFO] - Logging configured successfully. Logs saved to: C:\Users\BAPAN GAIN\OneDrive\Desktop\Internshala python\trading_bot\logs\trading_bot.log
2026-06-01 21:36:18 - root - [INFO] - Starting Binance Futures Testnet CLI...
2026-06-01 21:36:18 - root - [INFO] - Validating input parameters...
2026-06-01 21:36:18 - root - [INFO] - Parameters validated successfully.
2026-06-01 21:36:18 - root - [INFO] - Initializing python-binance client on Binance Futures Testnet...
2026-06-01 21:36:19 - root - [INFO] - --- Order Request Summary ---
2026-06-01 21:36:19 - root - [INFO] - Symbol:      BTCUSDT
2026-06-01 21:36:19 - root - [INFO] - Side:        BUY
2026-06-01 21:36:19 - root - [INFO] - Type:        MARKET
2026-06-01 21:36:19 - root - [INFO] - Quantity:    0.001
2026-06-01 21:36:19 - root - [INFO] - Parameters:  {'symbol': 'BTCUSDT', 'side': 'BUY', 'type': 'MARKET', 'quantity': 0.001}
2026-06-01 21:36:19 - root - [INFO] - -----------------------------
2026-06-01 21:36:19 - root - [INFO] - Executing order on Binance Futures Testnet...
2026-06-01 21:36:20 - root - [ERROR] - Binance API Exception [-2015]: Invalid API-key, IP, or permissions for action
